[09:26:11] [main/INFO] (FabricLoader/GameProvider) Loading Minecraft 1.19.3 with Fabric Loader 0.14.18
[09:26:12] [main/INFO] (FabricLoader) Loading 48 mods:
	- fabric-api 0.76.0+1.19.3
	- fabric-api-base 0.4.21+70be179c85
	- fabric-api-lookup-api-v1 1.6.20+49abcf7e85
	- fabric-biome-api-v1 12.1.2+f1c68e5885
	- fabric-block-api-v1 1.0.5+e022e5d185
	- fabric-blockrenderlayer-v1 1.1.31+928d44d585
	- fabric-client-tags-api-v1 1.0.12+1134c5b885
	- fabric-command-api-v2 2.2.1+3fc4752e85
	- fabric-content-registries-v0 3.5.2+1d37d50285
	- fabric-convention-tags-v1 1.3.0+521b5c5285
	- fabric-crash-report-info-v1 0.2.14+aeb40ebe85
	- fabric-data-generation-api-v1 11.3.2+40dc7a9485
	- fabric-dimensions-v1 2.1.42+00a2eb1085
	- fabric-entity-events-v1 1.5.7+b83334a085
	- fabric-events-interaction-v0 0.4.40+3baeb27a85
	- fabric-game-rule-api-v1 1.0.30+99f9db8085
	- fabric-gametest-api-v1 1.2.1+2ff127f585
	- fabric-item-api-v1 2.1.11+71b8257385
	- fabric-item-group-api-v1 2.1.13+b5470ac785
	- fabric-key-binding-api-v1 1.0.31+bc01e09785
	- fabric-lifecycle-events-v1 2.2.10+23a79c8a85
	- fabric-loot-api-v2 1.1.21+75e9821185
	- fabric-message-api-v1 5.1.0+c85585f885
	- fabric-mining-level-api-v1 2.1.32+49abcf7e85
	- fabric-models-v0 0.3.27+11ba9c3b85
	- fabric-networking-api-v1 1.2.17+4017a8cb85
	- fabric-object-builder-api-v1 5.4.2+eb2a3ba985
	- fabric-particles-v1 1.0.20+f1e4495b85
	- fabric-recipe-api-v1 1.0.1+5176f73d85
	- fabric-registry-sync-v0 2.1.0+f7b4d36485
	- fabric-renderer-api-v1 2.2.2+3a95925a85
	- fabric-renderer-indigo 0.8.0+3a95925a85
	- fabric-rendering-data-attachment-v1 0.3.25+afca2f3e85
	- fabric-rendering-fluids-v1 3.0.18+f1e4495b85
	- fabric-rendering-v1 1.13.0+ad17775585
	- fabric-resource-conditions-api-v1 2.3.0+e63306e085
	- fabric-resource-loader-v0 0.11.0+68296ad585
	- fabric-screen-api-v1 1.0.41+f1e4495b85
	- fabric-screen-handler-api-v1 1.3.13+99f9db8085
	- fabric-sound-api-v1 1.0.8+75e9821185
	- fabric-transfer-api-v1 2.1.15+ccd377ba85
	- fabric-transitive-access-wideners-v1 2.3.1+40dc7a9485
	- fabricloader 0.14.18
	- geckolib 4.0.4
	- java 17
	- lostlifemod 1.0.0
	- minecraft 1.19.3
	- modmenu 5.0.2
[09:26:17] [main/INFO] (FabricLoader/Mixin) SpongePowered MIXIN Subsystem Version=0.8.5 Source=file:/C:/Users/Tornado/.gradle/caches/modules-2/files-2.1/net.fabricmc/sponge-mixin/0.12.4+mixin.0.8.5/e13b4069fe3555969811d4474f78576c707bbe1c/sponge-mixin-0.12.4+mixin.0.8.5.jar Service=Knot/Fabric Env=CLIENT
[09:26:17] [main/INFO] (FabricLoader/Mixin) Loaded Fabric development mappings for mixin remapper!
[09:26:17] [main/INFO] (FabricLoader/Mixin) Compatibility level set to JAVA_16
[09:26:17] [main/INFO] (FabricLoader/Mixin) Compatibility level set to JAVA_17
[09:26:24] [main/INFO] (Minecraft) Building optimized datafixer
[09:26:28] [Render thread/INFO] (Minecraft) Environment: authHost='https://authserver.mojang.com', accountsHost='https://api.mojang.com', sessionHost='https://sessionserver.mojang.com', servicesHost='https://api.minecraftservices.com', name='PROD'
[09:26:29] [Render thread/ERROR] (Minecraft) Failed to verify authentication
com.mojang.authlib.exceptions.InvalidCredentialsException: Status: 401
	at com.mojang.authlib.exceptions.MinecraftClientHttpException.toAuthenticationException(MinecraftClientHttpException.java:56) ~[authlib-3.16.29.jar:?]
	at com.mojang.authlib.yggdrasil.YggdrasilUserApiService.fetchProperties(YggdrasilUserApiService.java:156) ~[authlib-3.16.29.jar:?]
	at com.mojang.authlib.yggdrasil.YggdrasilUserApiService.<init>(YggdrasilUserApiService.java:55) ~[authlib-3.16.29.jar:?]
	at com.mojang.authlib.yggdrasil.YggdrasilAuthenticationService.createUserApiService(YggdrasilAuthenticationService.java:161) ~[authlib-3.16.29.jar:?]
	at net.minecraft.client.MinecraftClient.createUserApiService(MinecraftClient.java:724) ~[minecraft-merged-project-root-1.19.3-net.fabricmc.yarn.1_19_3.1.19.3+build.5-v2.jar:?]
	at net.minecraft.client.MinecraftClient.<init>(MinecraftClient.java:437) ~[minecraft-merged-project-root-1.19.3-net.fabricmc.yarn.1_19_3.1.19.3+build.5-v2.jar:?]
	at net.minecraft.client.main.Main.main(Main.java:205) ~[minecraft-merged-project-root-1.19.3-net.fabricmc.yarn.1_19_3.1.19.3+build.5-v2.jar:?]
	at net.minecraft.client.main.Main.main(Main.java:51) ~[minecraft-merged-project-root-1.19.3-net.fabricmc.yarn.1_19_3.1.19.3+build.5-v2.jar:?]
	at net.fabricmc.loader.impl.game.minecraft.MinecraftGameProvider.launch(MinecraftGameProvider.java:462) ~[fabric-loader-0.14.18.jar:?]
	at net.fabricmc.loader.impl.launch.knot.Knot.launch(Knot.java:74) ~[fabric-loader-0.14.18.jar:?]
	at net.fabricmc.loader.impl.launch.knot.KnotClient.main(KnotClient.java:23) ~[fabric-loader-0.14.18.jar:?]
	at net.fabricmc.devlaunchinjector.Main.main(Main.java:86) ~[dev-launch-injector-0.2.1+build.8.jar:?]
Caused by: com.mojang.authlib.exceptions.MinecraftClientHttpException: Status: 401
	at com.mojang.authlib.minecraft.client.MinecraftClient.readInputStream(MinecraftClient.java:85) ~[authlib-3.16.29.jar:?]
	at com.mojang.authlib.minecraft.client.MinecraftClient.get(MinecraftClient.java:48) ~[authlib-3.16.29.jar:?]
	at com.mojang.authlib.yggdrasil.YggdrasilUserApiService.fetchProperties(YggdrasilUserApiService.java:129) ~[authlib-3.16.29.jar:?]
	... 10 more
[09:26:29] [Render thread/INFO] (Minecraft) Setting user: Player66
[09:26:29] [Render thread/INFO] (lostlifemod) Registering Mod Items for lostlifemod
[09:26:29] [Render thread/INFO] (lostlifemod) Registering ModBlocks for lostlifemod
[09:26:29] [Render thread/INFO] (lostlifemod) Registering ModBlocksEntities for lostlifemod
[09:26:29] [Render thread/INFO] (lostlifemod) Hello Fabric world!
[09:26:29] [Render thread/INFO] (Indigo) [Indigo] Registering Indigo renderer!
[09:26:31] [Render thread/INFO] (Minecraft) Backend library: LWJGL version 3.3.1 SNAPSHOT
[09:26:34] [Render thread/INFO] (Minecraft) Narrator library for x64 successfully loaded
[09:26:34] [Render thread/INFO] (Minecraft) Reloading ResourceManager: vanilla, Fabric Mods (Fabric Loot API (v2), Fabric Content Registries (v0), Fabric Recipe API (v1), Fabric Rendering Data Attachment (v1), Fabric Message API (v1), Fabric Renderer API (v1), Fabric Key Binding API (v1), Fabric API Lookup API (v1), Fabric Renderer - Indigo, Fabric Command API (v2), Fabric Registry Sync (v0), Fabric Transitive Access Wideners (v1), Fabric Screen Handler API (v1), Fabric Events Interaction (v0), Fabric Resource Conditions API (v1), Fabric Crash Report Info (v1), Fabric Game Rule API (v1), Geckolib, Fabric Rendering (v1), Fabric Convention Tags, Fabric Item Group API (v1), Fabric Client Tags, Fabric Block API (v1), Fabric Screen API (v1), Mod Menu, Fabric Models (v0), Fabric Data Generation API (v1), Fabric Transfer API (v1), Fabric Rendering Fluids (v1), Fabric Mining Level API (v1), Fabric BlockRenderLayer Registration (v1), Fabric Dimensions API (v1), Fabric Networking API (v1), Fabric Lifecycle Events (v1), Fabric Biome API (v1), Fabric Object Builder API (v1), Fabric API Base, Fabric API, Fabric Sound API (v1), Fabric Resource Loader (v0), Fabric Particles (v1), Fabric Item API (v1), Fabric Game Test API (v1), Fabric Loader, Fabric Entity Events (v1), Lost Life Mod)
[09:26:35] [Realms Notification Availability checker #1/INFO] (Minecraft) Could not authorize you against Realms server: Invalid session id
[09:26:35] [Worker-Main-9/INFO] (Minecraft) [STDERR]: java.lang.Exception: Function 'sin' couldn't be found!
[09:26:35] [Worker-Main-9/INFO] (Minecraft) [STDERR]: 	at software.bernie.shadowed.eliotlash.mclib.math.MathBuilder.createFunction(MathBuilder.java:423)
[09:26:35] [Worker-Main-9/INFO] (Minecraft) [STDERR]: 	at software.bernie.shadowed.eliotlash.mclib.math.MathBuilder.parseSymbols(MathBuilder.java:266)
[09:26:35] [Worker-Main-9/INFO] (Minecraft) [STDERR]: 	at software.bernie.geckolib.core.molang.MolangParser.parseSymbolsMolang(MolangParser.java:257)
[09:26:35] [Worker-Main-9/INFO] (Minecraft) [STDERR]: 	at software.bernie.geckolib.core.molang.MolangParser.parseOneLine(MolangParser.java:245)
[09:26:35] [Worker-Main-9/INFO] (Minecraft) [STDERR]: 	at software.bernie.geckolib.core.molang.MolangParser.parseExpression(MolangParser.java:200)
[09:26:35] [Worker-Main-9/INFO] (Minecraft) [STDERR]: 	at software.bernie.geckolib.core.molang.MolangParser.parseJson(MolangParser.java:182)
[09:26:35] [Worker-Main-9/INFO] (Minecraft) [STDERR]: 	at software.bernie.geckolib.loading.json.typeadapter.BakedAnimationsAdapter.buildKeyframeStack(BakedAnimationsAdapter.java:150)
[09:26:35] [Worker-Main-9/INFO] (Minecraft) [STDERR]: 	at software.bernie.geckolib.loading.json.typeadapter.BakedAnimationsAdapter.bakeBoneAnimations(BakedAnimationsAdapter.java:72)
[09:26:35] [Worker-Main-9/INFO] (Minecraft) [STDERR]: 	at software.bernie.geckolib.loading.json.typeadapter.BakedAnimationsAdapter.bakeAnimation(BakedAnimationsAdapter.java:53)
[09:26:35] [Worker-Main-9/INFO] (Minecraft) [STDERR]: 	at software.bernie.geckolib.loading.json.typeadapter.BakedAnimationsAdapter.deserialize(BakedAnimationsAdapter.java:39)
[09:26:35] [Worker-Main-9/INFO] (Minecraft) [STDERR]: 	at software.bernie.geckolib.loading.json.typeadapter.BakedAnimationsAdapter.deserialize(BakedAnimationsAdapter.java:31)
[09:26:35] [Worker-Main-9/INFO] (Minecraft) [STDERR]: 	at com.google.gson.internal.bind.TreeTypeAdapter.read(TreeTypeAdapter.java:76)
[09:26:35] [Worker-Main-9/INFO] (Minecraft) [STDERR]: 	at com.google.gson.Gson.fromJson(Gson.java:1214)
[09:26:35] [Worker-Main-9/INFO] (Minecraft) [STDERR]: 	at com.google.gson.Gson.fromJson(Gson.java:1319)
[09:26:35] [Worker-Main-9/INFO] (Minecraft) [STDERR]: 	at com.google.gson.Gson.fromJson(Gson.java:1261)
[09:26:35] [Worker-Main-9/INFO] (Minecraft) [STDERR]: 	at software.bernie.geckolib.loading.FileLoader.loadAnimationsFile(FileLoader.java:28)
[09:26:35] [Worker-Main-9/INFO] (Minecraft) [STDERR]: 	at software.bernie.geckolib.cache.GeckoLibCache.lambda$loadAnimations$1(GeckoLibCache.java:86)
[09:26:35] [Worker-Main-9/INFO] (Minecraft) [STDERR]: 	at software.bernie.geckolib.cache.GeckoLibCache.lambda$loadResources$5(GeckoLibCache.java:108)
[09:26:35] [Worker-Main-9/INFO] (Minecraft) [STDERR]: 	at java.base/java.util.concurrent.CompletableFuture$AsyncSupply.run(CompletableFuture.java:1768)
[09:26:35] [Worker-Main-9/INFO] (Minecraft) [STDERR]: 	at java.base/java.util.concurrent.CompletableFuture$AsyncSupply.exec(CompletableFuture.java:1760)
[09:26:35] [Worker-Main-9/INFO] (Minecraft) [STDERR]: 	at java.base/java.util.concurrent.ForkJoinTask.doExec(ForkJoinTask.java:373)
[09:26:35] [Worker-Main-9/INFO] (Minecraft) [STDERR]: 	at java.base/java.util.concurrent.ForkJoinPool$WorkQueue.topLevelExec(ForkJoinPool.java:1182)
[09:26:35] [Worker-Main-9/INFO] (Minecraft) [STDERR]: 	at java.base/java.util.concurrent.ForkJoinPool.scan(ForkJoinPool.java:1655)
[09:26:35] [Worker-Main-9/INFO] (Minecraft) [STDERR]: 	at java.base/java.util.concurrent.ForkJoinPool.runWorker(ForkJoinPool.java:1622)
[09:26:35] [Worker-Main-9/INFO] (Minecraft) [STDERR]: 	at java.base/java.util.concurrent.ForkJoinWorkerThread.run(ForkJoinWorkerThread.java:165)
[09:26:35] [Worker-Main-9/ERROR] (GeckoLib) Unable to parse animation: dodo.walk
[09:26:35] [Worker-Main-9/INFO] (Minecraft) [STDERR]: software.bernie.geckolib.core.molang.MolangException: Couldn't parse 'sin(30)' expression!
[09:26:35] [Worker-Main-9/INFO] (Minecraft) [STDERR]: 	at software.bernie.geckolib.core.molang.MolangParser.parseOneLine(MolangParser.java:248)
[09:26:35] [Worker-Main-9/INFO] (Minecraft) [STDERR]: 	at software.bernie.geckolib.core.molang.MolangParser.parseExpression(MolangParser.java:200)
[09:26:35] [Worker-Main-9/INFO] (Minecraft) [STDERR]: 	at software.bernie.geckolib.core.molang.MolangParser.parseJson(MolangParser.java:182)
[09:26:35] [Worker-Main-9/INFO] (Minecraft) [STDERR]: 	at software.bernie.geckolib.loading.json.typeadapter.BakedAnimationsAdapter.buildKeyframeStack(BakedAnimationsAdapter.java:150)
[09:26:35] [Worker-Main-9/INFO] (Minecraft) [STDERR]: 	at software.bernie.geckolib.loading.json.typeadapter.BakedAnimationsAdapter.bakeBoneAnimations(BakedAnimationsAdapter.java:72)
[09:26:35] [Worker-Main-9/INFO] (Minecraft) [STDERR]: 	at software.bernie.geckolib.loading.json.typeadapter.BakedAnimationsAdapter.bakeAnimation(BakedAnimationsAdapter.java:53)
[09:26:35] [Worker-Main-9/INFO] (Minecraft) [STDERR]: 	at software.bernie.geckolib.loading.json.typeadapter.BakedAnimationsAdapter.deserialize(BakedAnimationsAdapter.java:39)
[09:26:35] [Worker-Main-9/INFO] (Minecraft) [STDERR]: 	at software.bernie.geckolib.loading.json.typeadapter.BakedAnimationsAdapter.deserialize(BakedAnimationsAdapter.java:31)
[09:26:35] [Worker-Main-9/INFO] (Minecraft) [STDERR]: 	at com.google.gson.internal.bind.TreeTypeAdapter.read(TreeTypeAdapter.java:76)
[09:26:35] [Worker-Main-9/INFO] (Minecraft) [STDERR]: 	at com.google.gson.Gson.fromJson(Gson.java:1214)
[09:26:35] [Worker-Main-9/INFO] (Minecraft) [STDERR]: 	at com.google.gson.Gson.fromJson(Gson.java:1319)
[09:26:35] [Worker-Main-9/INFO] (Minecraft) [STDERR]: 	at com.google.gson.Gson.fromJson(Gson.java:1261)
[09:26:35] [Worker-Main-9/INFO] (Minecraft) [STDERR]: 	at software.bernie.geckolib.loading.FileLoader.loadAnimationsFile(FileLoader.java:28)
[09:26:35] [Worker-Main-9/INFO] (Minecraft) [STDERR]: 	at software.bernie.geckolib.cache.GeckoLibCache.lambda$loadAnimations$1(GeckoLibCache.java:86)
[09:26:35] [Worker-Main-9/INFO] (Minecraft) [STDERR]: 	at software.bernie.geckolib.cache.GeckoLibCache.lambda$loadResources$5(GeckoLibCache.java:108)
[09:26:35] [Worker-Main-9/INFO] (Minecraft) [STDERR]: 	at java.base/java.util.concurrent.CompletableFuture$AsyncSupply.run(CompletableFuture.java:1768)
[09:26:35] [Worker-Main-9/INFO] (Minecraft) [STDERR]: 	at java.base/java.util.concurrent.CompletableFuture$AsyncSupply.exec(CompletableFuture.java:1760)
[09:26:35] [Worker-Main-9/INFO] (Minecraft) [STDERR]: 	at java.base/java.util.concurrent.ForkJoinTask.doExec(ForkJoinTask.java:373)
[09:26:35] [Worker-Main-9/INFO] (Minecraft) [STDERR]: 	at java.base/java.util.concurrent.ForkJoinPool$WorkQueue.topLevelExec(ForkJoinPool.java:1182)
[09:26:35] [Worker-Main-9/INFO] (Minecraft) [STDERR]: 	at java.base/java.util.concurrent.ForkJoinPool.scan(ForkJoinPool.java:1655)
[09:26:35] [Worker-Main-9/INFO] (Minecraft) [STDERR]: 	at java.base/java.util.concurrent.ForkJoinPool.runWorker(ForkJoinPool.java:1622)
[09:26:35] [Worker-Main-9/INFO] (Minecraft) [STDERR]: 	at java.base/java.util.concurrent.ForkJoinWorkerThread.run(ForkJoinWorkerThread.java:165)
[09:26:36] [Worker-Main-8/WARN] (Minecraft) Unable to load model: 'lostlifemod:chomper_spawn_egg#inventory' referenced from: lostlifemod:chomper_spawn_egg#inventory: java.io.FileNotFoundException: lostlifemod:models/item/chomper_spawn_egg.json
[09:26:38] [Worker-Main-8/WARN] (Minecraft) Missing textures in model lostlifemod:fossil#inventory:
    minecraft:textures/atlas/blocks.png:lostlifemod:item/fossil
[09:26:38] [Worker-Main-8/WARN] (Minecraft) Missing textures in model lostlifemod:cleaning_table_block#inventory:
    minecraft:textures/atlas/blocks.png:lostlifemod:block/cenozoic_fossil_block
[09:26:38] [Worker-Main-8/WARN] (Minecraft) Missing textures in model lostlifemod:data_drive#inventory:
    minecraft:textures/atlas/blocks.png:lostlifemod:item/data_drive
[09:26:38] [Worker-Main-8/WARN] (Minecraft) Missing textures in model lostlifemod:cenozoic_fossil_block#inventory:
    minecraft:textures/atlas/blocks.png:lostlifemod:block/cenozoic_fossil_block
[09:26:38] [Worker-Main-8/WARN] (Minecraft) Missing textures in model lostlifemod:cleaning_table_block#:
    minecraft:textures/atlas/blocks.png:lostlifemod:block/cleaning_table_block
[09:26:38] [Worker-Main-8/WARN] (Minecraft) Missing textures in model lostlifemod:cenozoic_fossil_block#:
    minecraft:textures/atlas/blocks.png:lostlifemod:block/cenozoic_fossil_block
[09:26:38] [Render thread/WARN] (Minecraft) Missing sound for event: minecraft:item.goat_horn.play
[09:26:38] [Render thread/WARN] (Minecraft) Missing sound for event: minecraft:entity.goat.screaming.horn_break
[09:26:38] [Render thread/INFO] (Minecraft) OpenAL initialized on device OpenAL Soft on S³uchawki (Logitech G635/G633s Gaming Headset)
[09:26:38] [Render thread/INFO] (Minecraft) Sound engine started
[09:26:38] [Render thread/INFO] (Minecraft) Created: 1024x1024x4 minecraft:textures/atlas/blocks.png-atlas
[09:26:38] [Render thread/INFO] (Minecraft) Created: 512x256x4 minecraft:textures/atlas/signs.png-atlas
[09:26:38] [Render thread/INFO] (Minecraft) Created: 1024x512x4 minecraft:textures/atlas/banner_patterns.png-atlas
[09:26:38] [Render thread/INFO] (Minecraft) Created: 1024x512x4 minecraft:textures/atlas/shield_patterns.png-atlas
[09:26:38] [Render thread/INFO] (Minecraft) Created: 256x256x4 minecraft:textures/atlas/chest.png-atlas
[09:26:38] [Render thread/INFO] (Minecraft) Created: 512x256x4 minecraft:textures/atlas/beds.png-atlas
[09:26:38] [Render thread/INFO] (Minecraft) Created: 512x256x4 minecraft:textures/atlas/shulker_boxes.png-atlas
[09:26:39] [Render thread/WARN] (Minecraft) Shader rendertype_entity_translucent_emissive could not find sampler named Sampler2 in the specified shader program.
[09:26:39] [Render thread/INFO] (Minecraft) Created: 512x256x0 minecraft:textures/atlas/particles.png-atlas
[09:26:39] [Render thread/INFO] (Minecraft) Created: 256x256x0 minecraft:textures/atlas/paintings.png-atlas
[09:26:39] [Render thread/INFO] (Minecraft) Created: 256x128x0 minecraft:textures/atlas/mob_effects.png-atlas
[09:26:44] [Worker-Main-6/ERROR] (Minecraft) Not a JSON object: null
[09:26:44] [Worker-Main-6/ERROR] (Minecraft) Couldn't read tag list minecraft:mineable/axe from minecraft:tags/blocks/mineable/axe.json in data pack Fabric Mods
java.lang.RuntimeException: Not a JSON object: null
	at com.mojang.serialization.DataResult.lambda$getOrThrow$4(DataResult.java:100) ~[datafixerupper-5.0.28.jar:?]
	at com.mojang.datafixers.util.Either$Right.map(Either.java:99) ~[datafixerupper-5.0.28.jar:?]
	at com.mojang.serialization.DataResult.getOrThrow(DataResult.java:93) ~[datafixerupper-5.0.28.jar:?]
	at net.minecraft.registry.tag.TagGroupLoader.loadTags(TagGroupLoader.java:56) ~[minecraft-merged-project-root-1.19.3-net.fabricmc.yarn.1_19_3.1.19.3+build.5-v2.jar:?]
	at net.minecraft.registry.tag.TagGroupLoader.load(TagGroupLoader.java:163) ~[minecraft-merged-project-root-1.19.3-net.fabricmc.yarn.1_19_3.1.19.3+build.5-v2.jar:?]
	at net.minecraft.registry.tag.TagManagerLoader.method_33181(TagManagerLoader.java:65) ~[minecraft-merged-project-root-1.19.3-net.fabricmc.yarn.1_19_3.1.19.3+build.5-v2.jar:?]
	at java.util.concurrent.CompletableFuture$AsyncSupply.run(CompletableFuture.java:1768) ~[?:?]
	at java.util.concurrent.CompletableFuture$AsyncSupply.exec(CompletableFuture.java:1760) ~[?:?]
	at java.util.concurrent.ForkJoinTask.doExec(ForkJoinTask.java:373) ~[?:?]
	at java.util.concurrent.ForkJoinPool$WorkQueue.topLevelExec(ForkJoinPool.java:1182) ~[?:?]
	at java.util.concurrent.ForkJoinPool.scan(ForkJoinPool.java:1655) ~[?:?]
	at java.util.concurrent.ForkJoinPool.runWorker(ForkJoinPool.java:1622) ~[?:?]
	at java.util.concurrent.ForkJoinWorkerThread.run(ForkJoinWorkerThread.java:165) ~[?:?]
[09:26:44] [Worker-Main-6/ERROR] (Minecraft) Not a JSON object: null
[09:26:44] [Worker-Main-6/ERROR] (Minecraft) Couldn't read tag list minecraft:mineable/hoe from minecraft:tags/blocks/mineable/hoe.json in data pack Fabric Mods
java.lang.RuntimeException: Not a JSON object: null
	at com.mojang.serialization.DataResult.lambda$getOrThrow$4(DataResult.java:100) ~[datafixerupper-5.0.28.jar:?]
	at com.mojang.datafixers.util.Either$Right.map(Either.java:99) ~[datafixerupper-5.0.28.jar:?]
	at com.mojang.serialization.DataResult.getOrThrow(DataResult.java:93) ~[datafixerupper-5.0.28.jar:?]
	at net.minecraft.registry.tag.TagGroupLoader.loadTags(TagGroupLoader.java:56) ~[minecraft-merged-project-root-1.19.3-net.fabricmc.yarn.1_19_3.1.19.3+build.5-v2.jar:?]
	at net.minecraft.registry.tag.TagGroupLoader.load(TagGroupLoader.java:163) ~[minecraft-merged-project-root-1.19.3-net.fabricmc.yarn.1_19_3.1.19.3+build.5-v2.jar:?]
	at net.minecraft.registry.tag.TagManagerLoader.method_33181(TagManagerLoader.java:65) ~[minecraft-merged-project-root-1.19.3-net.fabricmc.yarn.1_19_3.1.19.3+build.5-v2.jar:?]
	at java.util.concurrent.CompletableFuture$AsyncSupply.run(CompletableFuture.java:1768) ~[?:?]
	at java.util.concurrent.CompletableFuture$AsyncSupply.exec(CompletableFuture.java:1760) ~[?:?]
	at java.util.concurrent.ForkJoinTask.doExec(ForkJoinTask.java:373) ~[?:?]
	at java.util.concurrent.ForkJoinPool$WorkQueue.topLevelExec(ForkJoinPool.java:1182) ~[?:?]
	at java.util.concurrent.ForkJoinPool.scan(ForkJoinPool.java:1655) ~[?:?]
	at java.util.concurrent.ForkJoinPool.runWorker(ForkJoinPool.java:1622) ~[?:?]
	at java.util.concurrent.ForkJoinWorkerThread.run(ForkJoinWorkerThread.java:165) ~[?:?]
[09:26:44] [Worker-Main-6/ERROR] (Minecraft) Not a JSON object: null
[09:26:44] [Worker-Main-6/ERROR] (Minecraft) Couldn't read tag list minecraft:mineable/shovel from minecraft:tags/blocks/mineable/shovel.json in data pack Fabric Mods
java.lang.RuntimeException: Not a JSON object: null
	at com.mojang.serialization.DataResult.lambda$getOrThrow$4(DataResult.java:100) ~[datafixerupper-5.0.28.jar:?]
	at com.mojang.datafixers.util.Either$Right.map(Either.java:99) ~[datafixerupper-5.0.28.jar:?]
	at com.mojang.serialization.DataResult.getOrThrow(DataResult.java:93) ~[datafixerupper-5.0.28.jar:?]
	at net.minecraft.registry.tag.TagGroupLoader.loadTags(TagGroupLoader.java:56) ~[minecraft-merged-project-root-1.19.3-net.fabricmc.yarn.1_19_3.1.19.3+build.5-v2.jar:?]
	at net.minecraft.registry.tag.TagGroupLoader.load(TagGroupLoader.java:163) ~[minecraft-merged-project-root-1.19.3-net.fabricmc.yarn.1_19_3.1.19.3+build.5-v2.jar:?]
	at net.minecraft.registry.tag.TagManagerLoader.method_33181(TagManagerLoader.java:65) ~[minecraft-merged-project-root-1.19.3-net.fabricmc.yarn.1_19_3.1.19.3+build.5-v2.jar:?]
	at java.util.concurrent.CompletableFuture$AsyncSupply.run(CompletableFuture.java:1768) ~[?:?]
	at java.util.concurrent.CompletableFuture$AsyncSupply.exec(CompletableFuture.java:1760) ~[?:?]
	at java.util.concurrent.ForkJoinTask.doExec(ForkJoinTask.java:373) ~[?:?]
	at java.util.concurrent.ForkJoinPool$WorkQueue.topLevelExec(ForkJoinPool.java:1182) ~[?:?]
	at java.util.concurrent.ForkJoinPool.scan(ForkJoinPool.java:1655) ~[?:?]
	at java.util.concurrent.ForkJoinPool.runWorker(ForkJoinPool.java:1622) ~[?:?]
	at java.util.concurrent.ForkJoinWorkerThread.run(ForkJoinWorkerThread.java:165) ~[?:?]
[09:26:44] [Worker-Main-6/ERROR] (Minecraft) Not a JSON object: null
[09:26:44] [Worker-Main-6/ERROR] (Minecraft) Couldn't read tag list minecraft:needs_diamond_tool from minecraft:tags/blocks/needs_diamond_tool.json in data pack Fabric Mods
java.lang.RuntimeException: Not a JSON object: null
	at com.mojang.serialization.DataResult.lambda$getOrThrow$4(DataResult.java:100) ~[datafixerupper-5.0.28.jar:?]
	at com.mojang.datafixers.util.Either$Right.map(Either.java:99) ~[datafixerupper-5.0.28.jar:?]
	at com.mojang.serialization.DataResult.getOrThrow(DataResult.java:93) ~[datafixerupper-5.0.28.jar:?]
	at net.minecraft.registry.tag.TagGroupLoader.loadTags(TagGroupLoader.java:56) ~[minecraft-merged-project-root-1.19.3-net.fabricmc.yarn.1_19_3.1.19.3+build.5-v2.jar:?]
	at net.minecraft.registry.tag.TagGroupLoader.load(TagGroupLoader.java:163) ~[minecraft-merged-project-root-1.19.3-net.fabricmc.yarn.1_19_3.1.19.3+build.5-v2.jar:?]
	at net.minecraft.registry.tag.TagManagerLoader.method_33181(TagManagerLoader.java:65) ~[minecraft-merged-project-root-1.19.3-net.fabricmc.yarn.1_19_3.1.19.3+build.5-v2.jar:?]
	at java.util.concurrent.CompletableFuture$AsyncSupply.run(CompletableFuture.java:1768) ~[?:?]
	at java.util.concurrent.CompletableFuture$AsyncSupply.exec(CompletableFuture.java:1760) ~[?:?]
	at java.util.concurrent.ForkJoinTask.doExec(ForkJoinTask.java:373) ~[?:?]
	at java.util.concurrent.ForkJoinPool$WorkQueue.topLevelExec(ForkJoinPool.java:1182) ~[?:?]
	at java.util.concurrent.ForkJoinPool.scan(ForkJoinPool.java:1655) ~[?:?]
	at java.util.concurrent.ForkJoinPool.runWorker(ForkJoinPool.java:1622) ~[?:?]
	at java.util.concurrent.ForkJoinWorkerThread.run(ForkJoinWorkerThread.java:165) ~[?:?]
[09:26:44] [Worker-Main-6/ERROR] (Minecraft) Not a JSON object: null
[09:26:44] [Worker-Main-6/ERROR] (Minecraft) Couldn't read tag list minecraft:needs_stone_tool from minecraft:tags/blocks/needs_stone_tool.json in data pack Fabric Mods
java.lang.RuntimeException: Not a JSON object: null
	at com.mojang.serialization.DataResult.lambda$getOrThrow$4(DataResult.java:100) ~[datafixerupper-5.0.28.jar:?]
	at com.mojang.datafixers.util.Either$Right.map(Either.java:99) ~[datafixerupper-5.0.28.jar:?]
	at com.mojang.serialization.DataResult.getOrThrow(DataResult.java:93) ~[datafixerupper-5.0.28.jar:?]
	at net.minecraft.registry.tag.TagGroupLoader.loadTags(TagGroupLoader.java:56) ~[minecraft-merged-project-root-1.19.3-net.fabricmc.yarn.1_19_3.1.19.3+build.5-v2.jar:?]
	at net.minecraft.registry.tag.TagGroupLoader.load(TagGroupLoader.java:163) ~[minecraft-merged-project-root-1.19.3-net.fabricmc.yarn.1_19_3.1.19.3+build.5-v2.jar:?]
	at net.minecraft.registry.tag.TagManagerLoader.method_33181(TagManagerLoader.java:65) ~[minecraft-merged-project-root-1.19.3-net.fabricmc.yarn.1_19_3.1.19.3+build.5-v2.jar:?]
	at java.util.concurrent.CompletableFuture$AsyncSupply.run(CompletableFuture.java:1768) ~[?:?]
	at java.util.concurrent.CompletableFuture$AsyncSupply.exec(CompletableFuture.java:1760) ~[?:?]
	at java.util.concurrent.ForkJoinTask.doExec(ForkJoinTask.java:373) ~[?:?]
	at java.util.concurrent.ForkJoinPool$WorkQueue.topLevelExec(ForkJoinPool.java:1182) ~[?:?]
	at java.util.concurrent.ForkJoinPool.scan(ForkJoinPool.java:1655) ~[?:?]
	at java.util.concurrent.ForkJoinPool.runWorker(ForkJoinPool.java:1622) ~[?:?]
	at java.util.concurrent.ForkJoinWorkerThread.run(ForkJoinWorkerThread.java:165) ~[?:?]
[09:26:45] [Render thread/INFO] (Minecraft) Loaded 7 recipes
[09:26:45] [Render thread/INFO] (Minecraft) Loaded 1179 advancements
[09:26:46] [Render thread/INFO] (BiomeModificationImpl) Applied 52 biome modifications to 52 of 63 new biomes in 24.52 ms
[09:26:46] [Server thread/INFO] (Minecraft) Starting integrated minecraft server version 1.19.3
[09:26:46] [Server thread/INFO] (Minecraft) Generating keypair
[09:26:49] [Server thread/INFO] (Minecraft) Preparing start region for dimension minecraft:overworld
[09:26:51] [Render thread/INFO] (Minecraft) Preparing spawn area: 0%
[09:26:51] [Render thread/INFO] (Minecraft) Preparing spawn area: 0%
[09:26:51] [Render thread/INFO] (Minecraft) Preparing spawn area: 0%
[09:26:51] [Render thread/INFO] (Minecraft) Preparing spawn area: 0%
[09:26:51] [Render thread/INFO] (Minecraft) Preparing spawn area: 0%
[09:26:51] [Render thread/INFO] (Minecraft) Preparing spawn area: 0%
[09:26:52] [Render thread/INFO] (Minecraft) Preparing spawn area: 0%
[09:26:52] [Render thread/INFO] (Minecraft) Preparing spawn area: 4%
[09:26:53] [Render thread/INFO] (Minecraft) Preparing spawn area: 24%
[09:26:54] [Render thread/INFO] (Minecraft) Time elapsed: 4645 ms
[09:26:54] [Server thread/INFO] (Minecraft) Changing view distance to 12, from 10
[09:26:54] [Server thread/INFO] (Minecraft) Changing simulation distance to 12, from 0
[09:26:56] [Server thread/INFO] (Minecraft) Player66[local:E:51372c20] logged in with entity id 193 at (-33.66369171617226, 0.0, 51.89319301121397)
[09:26:56] [Server thread/INFO] (Minecraft) Player66 joined the game
[09:26:57] [Render thread/INFO] (Minecraft) Loaded 0 advancements
[09:26:58] [Render thread/INFO] (Minecraft) [System] [CHAT] Hello, world!
[09:26:59] [Render thread/INFO] (Minecraft) [System] [CHAT] Hello, world!
[09:27:00] [Render thread/INFO] (Minecraft) [System] [CHAT] Hello, world!
[09:27:00] [Render thread/INFO] (Minecraft) [System] [CHAT] Hello, world!
[09:27:04] [Render thread/INFO] (Minecraft) [System] [CHAT] Hello, world!
[09:27:09] [Render thread/INFO] (Minecraft) [System] [CHAT] Hello, world!
[09:27:10] [Render thread/INFO] (Minecraft) [System] [CHAT] Hello, world!
[09:27:11] [Render thread/INFO] (Minecraft) [System] [CHAT] Hello, world!
[09:27:17] [Render thread/INFO] (Minecraft) [System] [CHAT] Hello, world!
[09:27:17] [Render thread/INFO] (Minecraft) [System] [CHAT] Hello, world!
[09:27:17] [Render thread/INFO] (Minecraft) [System] [CHAT] Hello, world!
[09:27:18] [Render thread/INFO] (Minecraft) [System] [CHAT] Hello, world!
[09:27:20] [Render thread/INFO] (Minecraft) Stopping!
[09:27:20] [Server thread/INFO] (Minecraft) Player66 lost connection: Disconnected
[09:27:20] [Server thread/INFO] (Minecraft) Player66 left the game
[09:27:20] [Server thread/INFO] (Minecraft) Stopping singleplayer server as player logged out
[09:27:20] [Server thread/INFO] (Minecraft) Stopping server
[09:27:20] [Server thread/INFO] (Minecraft) Saving players
[09:27:20] [Server thread/INFO] (Minecraft) Saving worlds
[09:27:21] [Server thread/INFO] (Minecraft) Saving chunks for level 'ServerLevel[New World]'/minecraft:overworld
[09:27:22] [Server thread/INFO] (Minecraft) Saving chunks for level 'ServerLevel[New World]'/minecraft:the_end
[09:27:22] [Server thread/INFO] (Minecraft) Saving chunks for level 'ServerLevel[New World]'/minecraft:the_nether
[09:27:22] [Server thread/INFO] (Minecraft) ThreadedAnvilChunkStorage (New World (1)): All chunks are saved
[09:27:22] [Server thread/INFO] (Minecraft) ThreadedAnvilChunkStorage (DIM1): All chunks are saved
[09:27:22] [Server thread/INFO] (Minecraft) ThreadedAnvilChunkStorage (DIM-1): All chunks are saved
[09:27:22] [Server thread/INFO] (Minecraft) ThreadedAnvilChunkStorage: All dimensions are saved
